<?xml version="1.0" encoding="UTF-8" ?>
<testsuites>
  <testsuite errors="0" failures="0" hostname="phy-psf-487-1" id="0" name="AcademicUnitControllerTests" package="edu.asu.engineeringed" tests="1" time="0.452" timestamp="2011-09-13T19:51:41">
      <properties />

      <testcase classname="edu.asu.engineeringed.AcademicUnitControllerTests" name="testSomething" time="0.379" />

      <system-out><![CDATA[--Output from testSomething--
]]></system-out>

      <system-err><![CDATA[--Output from testSomething--
]]></system-err>

  </testsuite>
  <testsuite errors="1" failures="0" hostname="phy-psf-487-1" id="1" name="AcademicUnitTests" package="edu.asu.engineeringed" tests="1" time="0.409" timestamp="2011-09-13T19:51:42">
      <properties />

      <testcase classname="edu.asu.engineeringed.AcademicUnitTests" name="testSomething" time="0.394">
          <error message="Mapped identifier [id] for class [edu.asu.engineeringed.AbstractEntity] is not a valid property" type="org.grails.datastore.mapping.model.IllegalMappingException">org.grails.datastore.mapping.model.IllegalMappingException: Mapped identifier [id] for class [edu.asu.engineeringed.AbstractEntity] is not a valid property
	at org.grails.datastore.mapping.model.config.GormMappingConfigurationStrategy.getIdentity(GormMappingConfigurationStrategy.java:708)
	at org.grails.datastore.mapping.model.AbstractPersistentEntity.initialize(AbstractPersistentEntity.java:79)
	at org.grails.datastore.mapping.model.AbstractMappingContext.addPersistentEntityInternal(AbstractMappingContext.java:132)
	at org.grails.datastore.mapping.model.AbstractMappingContext.addPersistentEntity(AbstractMappingContext.java:117)
	at org.grails.datastore.mapping.model.AbstractPersistentEntity.initialize(AbstractPersistentEntity.java:102)
	at org.grails.datastore.mapping.model.AbstractMappingContext.addPersistentEntityInternal(AbstractMappingContext.java:132)
	at org.grails.datastore.mapping.model.AbstractMappingContext.addPersistentEntity(AbstractMappingContext.java:117)
	at org.grails.datastore.mapping.model.config.GormMappingConfigurationStrategy.getOrCreateAssociatedEntity(GormMappingConfigurationStrategy.java:598)
	at org.grails.datastore.mapping.model.config.GormMappingConfigurationStrategy.establishRelationshipForCollection(GormMappingConfigurationStrategy.java:421)
	at org.grails.datastore.mapping.model.config.GormMappingConfigurationStrategy.getPersistentProperties(GormMappingConfigurationStrategy.java:215)
	at org.grails.datastore.mapping.model.config.GormMappingConfigurationStrategy.getPersistentProperties(GormMappingConfigurationStrategy.java:137)
	at org.grails.datastore.mapping.model.AbstractPersistentEntity.initialize(AbstractPersistentEntity.java:81)
	at org.grails.datastore.mapping.model.AbstractMappingContext.addPersistentEntityInternal(AbstractMappingContext.java:132)
	at org.grails.datastore.mapping.model.AbstractMappingContext.addPersistentEntity(AbstractMappingContext.java:117)
	at org.grails.datastore.mapping.model.config.GormMappingConfigurationStrategy.getOrCreateAssociatedEntity(GormMappingConfigurationStrategy.java:598)
	at org.grails.datastore.mapping.model.config.GormMappingConfigurationStrategy.establishRelationshipForCollection(GormMappingConfigurationStrategy.java:421)
	at org.grails.datastore.mapping.model.config.GormMappingConfigurationStrategy.getPersistentProperties(GormMappingConfigurationStrategy.java:215)
	at org.grails.datastore.mapping.model.config.GormMappingConfigurationStrategy.getPersistentProperties(GormMappingConfigurationStrategy.java:137)
	at org.grails.datastore.mapping.model.AbstractPersistentEntity.initialize(AbstractPersistentEntity.java:81)
	at org.grails.datastore.mapping.model.AbstractMappingContext.addPersistentEntityInternal(AbstractMappingContext.java:132)
	at org.grails.datastore.mapping.model.AbstractMappingContext.addPersistentEntity(AbstractMappingContext.java:117)
	at grails.test.mixin.domain.DomainClassUnitTestMixin.mockDomain(DomainClassUnitTestMixin.groovy:113)
	at grails.test.mixin.domain.DomainClassUnitTestMixin.mockDomain(DomainClassUnitTestMixin.groovy:109)
</error>

      </testcase>

      <system-out><![CDATA[--Output from testSomething--
]]></system-out>

      <system-err><![CDATA[--Output from testSomething--
]]></system-err>

  </testsuite>
  <testsuite errors="0" failures="0" hostname="phy-psf-487-1" id="2" name="DegreeControllerTests" package="edu.asu.engineeringed" tests="1" time="0.042" timestamp="2011-09-13T19:51:43">
      <properties />

      <testcase classname="edu.asu.engineeringed.DegreeControllerTests" name="testSomething" time="0.027" />

      <system-out><![CDATA[--Output from testSomething--
]]></system-out>

      <system-err><![CDATA[--Output from testSomething--
]]></system-err>

  </testsuite>
  <testsuite errors="1" failures="0" hostname="phy-psf-487-1" id="3" name="DegreeTests" package="edu.asu.engineeringed" tests="1" time="0.171" timestamp="2011-09-13T19:51:43">
      <properties />

      <testcase classname="edu.asu.engineeringed.DegreeTests" name="testSomething" time="0.151">
          <error message="Mapped identifier [id] for class [edu.asu.engineeringed.AbstractEntity] is not a valid property" type="org.grails.datastore.mapping.model.IllegalMappingException">org.grails.datastore.mapping.model.IllegalMappingException: Mapped identifier [id] for class [edu.asu.engineeringed.AbstractEntity] is not a valid property
	at org.grails.datastore.mapping.model.config.GormMappingConfigurationStrategy.getIdentity(GormMappingConfigurationStrategy.java:708)
	at org.grails.datastore.mapping.model.AbstractPersistentEntity.initialize(AbstractPersistentEntity.java:79)
	at org.grails.datastore.mapping.model.AbstractMappingContext.addPersistentEntityInternal(AbstractMappingContext.java:132)
	at org.grails.datastore.mapping.model.AbstractMappingContext.addPersistentEntity(AbstractMappingContext.java:117)
	at org.grails.datastore.mapping.model.AbstractPersistentEntity.initialize(AbstractPersistentEntity.java:102)
	at org.grails.datastore.mapping.model.AbstractMappingContext.addPersistentEntityInternal(AbstractMappingContext.java:132)
	at org.grails.datastore.mapping.model.AbstractMappingContext.addPersistentEntity(AbstractMappingContext.java:117)
	at org.grails.datastore.mapping.model.config.GormMappingConfigurationStrategy.getOrCreateAssociatedEntity(GormMappingConfigurationStrategy.java:598)
	at org.grails.datastore.mapping.model.config.GormMappingConfigurationStrategy.establishDomainClassRelationship(GormMappingConfigurationStrategy.java:571)
	at org.grails.datastore.mapping.model.config.GormMappingConfigurationStrategy.getPersistentProperties(GormMappingConfigurationStrategy.java:223)
	at org.grails.datastore.mapping.model.config.GormMappingConfigurationStrategy.getPersistentProperties(GormMappingConfigurationStrategy.java:137)
	at org.grails.datastore.mapping.model.AbstractPersistentEntity.initialize(AbstractPersistentEntity.java:81)
	at org.grails.datastore.mapping.model.AbstractMappingContext.addPersistentEntityInternal(AbstractMappingContext.java:132)
	at org.grails.datastore.mapping.model.AbstractMappingContext.addPersistentEntity(AbstractMappingContext.java:117)
	at grails.test.mixin.domain.DomainClassUnitTestMixin.mockDomain(DomainClassUnitTestMixin.groovy:113)
	at grails.test.mixin.domain.DomainClassUnitTestMixin.mockDomain(DomainClassUnitTestMixin.groovy:109)
</error>

      </testcase>

      <system-out><![CDATA[--Output from testSomething--
]]></system-out>

      <system-err><![CDATA[--Output from testSomething--
]]></system-err>

  </testsuite>
  <testsuite errors="0" failures="0" hostname="phy-psf-487-1" id="4" name="DomainAreaControllerTests" package="edu.asu.engineeringed" tests="1" time="0.042" timestamp="2011-09-13T19:51:43">
      <properties />

      <testcase classname="edu.asu.engineeringed.DomainAreaControllerTests" name="testSomething" time="0.027" />

      <system-out><![CDATA[--Output from testSomething--
]]></system-out>

      <system-err><![CDATA[--Output from testSomething--
]]></system-err>

  </testsuite>
  <testsuite errors="1" failures="0" hostname="phy-psf-487-1" id="5" name="DomainAreaTests" package="edu.asu.engineeringed" tests="1" time="0.039" timestamp="2011-09-13T19:51:43">
      <properties />

      <testcase classname="edu.asu.engineeringed.DomainAreaTests" name="testSomething" time="0.02">
          <error message="Mapped identifier [id] for class [edu.asu.engineeringed.AbstractEntity] is not a valid property" type="org.grails.datastore.mapping.model.IllegalMappingException">org.grails.datastore.mapping.model.IllegalMappingException: Mapped identifier [id] for class [edu.asu.engineeringed.AbstractEntity] is not a valid property
	at org.grails.datastore.mapping.model.config.GormMappingConfigurationStrategy.getIdentity(GormMappingConfigurationStrategy.java:708)
	at org.grails.datastore.mapping.model.AbstractPersistentEntity.initialize(AbstractPersistentEntity.java:79)
	at org.grails.datastore.mapping.model.AbstractMappingContext.addPersistentEntityInternal(AbstractMappingContext.java:132)
	at org.grails.datastore.mapping.model.AbstractMappingContext.addPersistentEntity(AbstractMappingContext.java:117)
	at org.grails.datastore.mapping.model.AbstractPersistentEntity.initialize(AbstractPersistentEntity.java:102)
	at org.grails.datastore.mapping.model.AbstractMappingContext.addPersistentEntityInternal(AbstractMappingContext.java:132)
	at org.grails.datastore.mapping.model.AbstractMappingContext.addPersistentEntity(AbstractMappingContext.java:117)
	at grails.test.mixin.domain.DomainClassUnitTestMixin.mockDomain(DomainClassUnitTestMixin.groovy:113)
	at grails.test.mixin.domain.DomainClassUnitTestMixin.mockDomain(DomainClassUnitTestMixin.groovy:109)
</error>

      </testcase>

      <system-out><![CDATA[--Output from testSomething--
]]></system-out>

      <system-err><![CDATA[--Output from testSomething--
]]></system-err>

  </testsuite>
  <testsuite errors="0" failures="0" hostname="phy-psf-487-1" id="6" name="HomeControllerTests" package="edu.asu.engineeringed" tests="1" time="0.048" timestamp="2011-09-13T19:51:43">
      <properties />

      <testcase classname="edu.asu.engineeringed.HomeControllerTests" name="testSomething" time="0.029" />

      <system-out><![CDATA[--Output from testSomething--
]]></system-out>

      <system-err><![CDATA[--Output from testSomething--
]]></system-err>

  </testsuite>
  <testsuite errors="0" failures="0" hostname="phy-psf-487-1" id="7" name="InstitutionControllerTests" package="edu.asu.engineeringed" tests="1" time="0.043" timestamp="2011-09-13T19:51:43">
      <properties />

      <testcase classname="edu.asu.engineeringed.InstitutionControllerTests" name="testSomething" time="0.029" />

      <system-out><![CDATA[--Output from testSomething--
]]></system-out>

      <system-err><![CDATA[--Output from testSomething--
]]></system-err>

  </testsuite>
  <testsuite errors="1" failures="0" hostname="phy-psf-487-1" id="8" name="InstitutionTests" package="edu.asu.engineeringed" tests="1" time="0.086" timestamp="2011-09-13T19:51:43">
      <properties />

      <testcase classname="edu.asu.engineeringed.InstitutionTests" name="testSomething" time="0.063">
          <error message="Mapped identifier [id] for class [edu.asu.engineeringed.AbstractEntity] is not a valid property" type="org.grails.datastore.mapping.model.IllegalMappingException">org.grails.datastore.mapping.model.IllegalMappingException: Mapped identifier [id] for class [edu.asu.engineeringed.AbstractEntity] is not a valid property
	at org.grails.datastore.mapping.model.config.GormMappingConfigurationStrategy.getIdentity(GormMappingConfigurationStrategy.java:708)
	at org.grails.datastore.mapping.model.AbstractPersistentEntity.initialize(AbstractPersistentEntity.java:79)
	at org.grails.datastore.mapping.model.AbstractMappingContext.addPersistentEntityInternal(AbstractMappingContext.java:132)
	at org.grails.datastore.mapping.model.AbstractMappingContext.addPersistentEntity(AbstractMappingContext.java:117)
	at org.grails.datastore.mapping.model.AbstractPersistentEntity.initialize(AbstractPersistentEntity.java:102)
	at org.grails.datastore.mapping.model.AbstractMappingContext.addPersistentEntityInternal(AbstractMappingContext.java:132)
	at org.grails.datastore.mapping.model.AbstractMappingContext.addPersistentEntity(AbstractMappingContext.java:117)
	at grails.test.mixin.domain.DomainClassUnitTestMixin.mockDomain(DomainClassUnitTestMixin.groovy:113)
	at grails.test.mixin.domain.DomainClassUnitTestMixin.mockDomain(DomainClassUnitTestMixin.groovy:109)
</error>

      </testcase>

      <system-out><![CDATA[--Output from testSomething--
]]></system-out>

      <system-err><![CDATA[--Output from testSomething--
]]></system-err>

  </testsuite>
  <testsuite errors="0" failures="0" hostname="phy-psf-487-1" id="9" name="MediaControllerTests" package="edu.asu.engineeringed" tests="1" time="0.045" timestamp="2011-09-13T19:51:43">
      <properties />

      <testcase classname="edu.asu.engineeringed.MediaControllerTests" name="testSomething" time="0.03" />

      <system-out><![CDATA[--Output from testSomething--
]]></system-out>

      <system-err><![CDATA[--Output from testSomething--
]]></system-err>

  </testsuite>
  <testsuite errors="1" failures="0" hostname="phy-psf-487-1" id="10" name="MediaTests" package="edu.asu.engineeringed" tests="1" time="0.224" timestamp="2011-09-13T19:51:43">
      <properties />

      <testcase classname="edu.asu.engineeringed.MediaTests" name="testName" time="0.206">
          <error message="No such property: mediaData for class: edu.asu.engineeringed.MediaTests" type="groovy.lang.MissingPropertyException">groovy.lang.MissingPropertyException: No such property: mediaData for class: edu.asu.engineeringed.MediaTests
	at edu.asu.engineeringed.MediaTests.testName(MediaTests.groovy:17)
</error>

      </testcase>

      <system-out><![CDATA[--Output from testName--
]]></system-out>

      <system-err><![CDATA[--Output from testName--
]]></system-err>

  </testsuite>
  <testsuite errors="0" failures="0" hostname="phy-psf-487-1" id="11" name="ProfessorControllerTests" package="edu.asu.engineeringed" tests="1" time="0.044" timestamp="2011-09-13T19:51:44">
      <properties />

      <testcase classname="edu.asu.engineeringed.ProfessorControllerTests" name="testSomething" time="0.03" />

      <system-out><![CDATA[--Output from testSomething--
]]></system-out>

      <system-err><![CDATA[--Output from testSomething--
]]></system-err>

  </testsuite>
  <testsuite errors="1" failures="0" hostname="phy-psf-487-1" id="12" name="ProfessorServiceTests" package="edu.asu.engineeringed" tests="1" time="0.085" timestamp="2011-09-13T19:51:44">
      <properties />

      <testcase classname="edu.asu.engineeringed.ProfessorServiceTests" name="testGetASUEngineeringEducationFaculty" time="0.073">
          <error message="No signature of method: edu.asu.engineeringed.AcademicUnit.addToFaculty() is applicable for argument types: (edu.asu.engineeringed.Professor) values: [Tirupalavanam Ganesh]&#xa;Possible solutions: getFaculty()" type="groovy.lang.MissingMethodException">groovy.lang.MissingMethodException: No signature of method: edu.asu.engineeringed.AcademicUnit.addToFaculty() is applicable for argument types: (edu.asu.engineeringed.Professor) values: [Tirupalavanam Ganesh]
Possible solutions: getFaculty()
	at edu.asu.engineeringed.ProfessorServiceTests.testGetASUEngineeringEducationFaculty(ProfessorServiceTests.groovy:18)
</error>

      </testcase>

      <system-out><![CDATA[--Output from testGetASUEngineeringEducationFaculty--
]]></system-out>

      <system-err><![CDATA[--Output from testGetASUEngineeringEducationFaculty--
]]></system-err>

  </testsuite>
  <testsuite errors="1" failures="0" hostname="phy-psf-487-1" id="13" name="ProfessorTests" package="edu.asu.engineeringed" tests="1" time="0.247" timestamp="2011-09-13T19:51:44">
      <properties />

      <testcase classname="edu.asu.engineeringed.ProfessorTests" name="testSomething" time="0.23">
          <error message="Mapped identifier [id] for class [edu.asu.engineeringed.AbstractEntity] is not a valid property" type="org.grails.datastore.mapping.model.IllegalMappingException">org.grails.datastore.mapping.model.IllegalMappingException: Mapped identifier [id] for class [edu.asu.engineeringed.AbstractEntity] is not a valid property
	at org.grails.datastore.mapping.model.config.GormMappingConfigurationStrategy.getIdentity(GormMappingConfigurationStrategy.java:708)
	at org.grails.datastore.mapping.model.AbstractPersistentEntity.initialize(AbstractPersistentEntity.java:79)
	at org.grails.datastore.mapping.model.AbstractMappingContext.addPersistentEntityInternal(AbstractMappingContext.java:132)
	at org.grails.datastore.mapping.model.AbstractMappingContext.addPersistentEntity(AbstractMappingContext.java:117)
	at org.grails.datastore.mapping.model.AbstractPersistentEntity.initialize(AbstractPersistentEntity.java:102)
	at org.grails.datastore.mapping.model.AbstractMappingContext.addPersistentEntityInternal(AbstractMappingContext.java:132)
	at org.grails.datastore.mapping.model.AbstractMappingContext.addPersistentEntity(AbstractMappingContext.java:117)
	at org.grails.datastore.mapping.model.config.GormMappingConfigurationStrategy.getOrCreateAssociatedEntity(GormMappingConfigurationStrategy.java:598)
	at org.grails.datastore.mapping.model.config.GormMappingConfigurationStrategy.establishRelationshipForCollection(GormMappingConfigurationStrategy.java:421)
	at org.grails.datastore.mapping.model.config.GormMappingConfigurationStrategy.getPersistentProperties(GormMappingConfigurationStrategy.java:215)
	at org.grails.datastore.mapping.model.config.GormMappingConfigurationStrategy.getPersistentProperties(GormMappingConfigurationStrategy.java:137)
	at org.grails.datastore.mapping.model.AbstractPersistentEntity.initialize(AbstractPersistentEntity.java:81)
	at org.grails.datastore.mapping.model.AbstractMappingContext.addPersistentEntityInternal(AbstractMappingContext.java:132)
	at org.grails.datastore.mapping.model.AbstractMappingContext.addPersistentEntity(AbstractMappingContext.java:117)
	at org.grails.datastore.mapping.model.config.GormMappingConfigurationStrategy.getOrCreateAssociatedEntity(GormMappingConfigurationStrategy.java:598)
	at org.grails.datastore.mapping.model.config.GormMappingConfigurationStrategy.establishRelationshipForCollection(GormMappingConfigurationStrategy.java:421)
	at org.grails.datastore.mapping.model.config.GormMappingConfigurationStrategy.getPersistentProperties(GormMappingConfigurationStrategy.java:215)
	at org.grails.datastore.mapping.model.config.GormMappingConfigurationStrategy.getPersistentProperties(GormMappingConfigurationStrategy.java:137)
	at org.grails.datastore.mapping.model.AbstractPersistentEntity.initialize(AbstractPersistentEntity.java:81)
	at org.grails.datastore.mapping.model.AbstractMappingContext.addPersistentEntityInternal(AbstractMappingContext.java:132)
	at org.grails.datastore.mapping.model.AbstractMappingContext.addPersistentEntity(AbstractMappingContext.java:117)
	at org.grails.datastore.mapping.model.config.GormMappingConfigurationStrategy.getOrCreateAssociatedEntity(GormMappingConfigurationStrategy.java:598)
	at org.grails.datastore.mapping.model.config.GormMappingConfigurationStrategy.establishDomainClassRelationship(GormMappingConfigurationStrategy.java:571)
	at org.grails.datastore.mapping.model.config.GormMappingConfigurationStrategy.getPersistentProperties(GormMappingConfigurationStrategy.java:223)
	at org.grails.datastore.mapping.model.config.GormMappingConfigurationStrategy.getPersistentProperties(GormMappingConfigurationStrategy.java:137)
	at org.grails.datastore.mapping.model.AbstractPersistentEntity.initialize(AbstractPersistentEntity.java:81)
	at org.grails.datastore.mapping.model.AbstractMappingContext.addPersistentEntityInternal(AbstractMappingContext.java:132)
	at org.grails.datastore.mapping.model.AbstractMappingContext.addPersistentEntity(AbstractMappingContext.java:117)
	at org.grails.datastore.mapping.model.config.GormMappingConfigurationStrategy.getOrCreateAssociatedEntity(GormMappingConfigurationStrategy.java:598)
	at org.grails.datastore.mapping.model.config.GormMappingConfigurationStrategy.establishRelationshipForCollection(GormMappingConfigurationStrategy.java:421)
	at org.grails.datastore.mapping.model.config.GormMappingConfigurationStrategy.getPersistentProperties(GormMappingConfigurationStrategy.java:215)
	at org.grails.datastore.mapping.model.config.GormMappingConfigurationStrategy.getPersistentProperties(GormMappingConfigurationStrategy.java:137)
	at org.grails.datastore.mapping.model.AbstractPersistentEntity.initialize(AbstractPersistentEntity.java:81)
	at org.grails.datastore.mapping.model.AbstractMappingContext.addPersistentEntityInternal(AbstractMappingContext.java:132)
	at org.grails.datastore.mapping.model.AbstractMappingContext.addPersistentEntity(AbstractMappingContext.java:117)
	at grails.test.mixin.domain.DomainClassUnitTestMixin.mockDomain(DomainClassUnitTestMixin.groovy:113)
	at grails.test.mixin.domain.DomainClassUnitTestMixin.mockDomain(DomainClassUnitTestMixin.groovy:109)
</error>

      </testcase>

      <system-out><![CDATA[--Output from testSomething--
]]></system-out>

      <system-err><![CDATA[--Output from testSomething--
]]></system-err>

  </testsuite>
  <testsuite errors="1" failures="0" hostname="phy-psf-487-1" id="14" name="UnitFacultyTests" package="edu.asu.engineeringed" tests="1" time="0.045" timestamp="2011-09-13T19:51:46">
      <properties />

      <testcase classname="edu.asu.engineeringed.UnitFacultyTests" name="testSomething" time="0.034">
          <error message="Mapped identifier [id] for class [edu.asu.engineeringed.AbstractEntity] is not a valid property" type="org.grails.datastore.mapping.model.IllegalMappingException">org.grails.datastore.mapping.model.IllegalMappingException: Mapped identifier [id] for class [edu.asu.engineeringed.AbstractEntity] is not a valid property
	at org.grails.datastore.mapping.model.config.GormMappingConfigurationStrategy.getIdentity(GormMappingConfigurationStrategy.java:708)
	at org.grails.datastore.mapping.model.AbstractPersistentEntity.initialize(AbstractPersistentEntity.java:79)
	at org.grails.datastore.mapping.model.AbstractMappingContext.addPersistentEntityInternal(AbstractMappingContext.java:132)
	at org.grails.datastore.mapping.model.AbstractMappingContext.addPersistentEntity(AbstractMappingContext.java:117)
	at org.grails.datastore.mapping.model.AbstractPersistentEntity.initialize(AbstractPersistentEntity.java:102)
	at org.grails.datastore.mapping.model.AbstractMappingContext.addPersistentEntityInternal(AbstractMappingContext.java:132)
	at org.grails.datastore.mapping.model.AbstractMappingContext.addPersistentEntity(AbstractMappingContext.java:117)
	at org.grails.datastore.mapping.model.config.GormMappingConfigurationStrategy.getOrCreateAssociatedEntity(GormMappingConfigurationStrategy.java:598)
	at org.grails.datastore.mapping.model.config.GormMappingConfigurationStrategy.establishDomainClassRelationship(GormMappingConfigurationStrategy.java:571)
	at org.grails.datastore.mapping.model.config.GormMappingConfigurationStrategy.getPersistentProperties(GormMappingConfigurationStrategy.java:223)
	at org.grails.datastore.mapping.model.config.GormMappingConfigurationStrategy.getPersistentProperties(GormMappingConfigurationStrategy.java:137)
	at org.grails.datastore.mapping.model.AbstractPersistentEntity.initialize(AbstractPersistentEntity.java:81)
	at org.grails.datastore.mapping.model.AbstractMappingContext.addPersistentEntityInternal(AbstractMappingContext.java:132)
	at org.grails.datastore.mapping.model.AbstractMappingContext.addPersistentEntity(AbstractMappingContext.java:117)
	at org.grails.datastore.mapping.model.config.GormMappingConfigurationStrategy.getOrCreateAssociatedEntity(GormMappingConfigurationStrategy.java:598)
	at org.grails.datastore.mapping.model.config.GormMappingConfigurationStrategy.establishRelationshipForCollection(GormMappingConfigurationStrategy.java:421)
	at org.grails.datastore.mapping.model.config.GormMappingConfigurationStrategy.getPersistentProperties(GormMappingConfigurationStrategy.java:215)
	at org.grails.datastore.mapping.model.config.GormMappingConfigurationStrategy.getPersistentProperties(GormMappingConfigurationStrategy.java:137)
	at org.grails.datastore.mapping.model.AbstractPersistentEntity.initialize(AbstractPersistentEntity.java:81)
	at org.grails.datastore.mapping.model.AbstractMappingContext.addPersistentEntityInternal(AbstractMappingContext.java:132)
	at org.grails.datastore.mapping.model.AbstractMappingContext.addPersistentEntity(AbstractMappingContext.java:117)
	at org.grails.datastore.mapping.model.config.GormMappingConfigurationStrategy.getOrCreateAssociatedEntity(GormMappingConfigurationStrategy.java:598)
	at org.grails.datastore.mapping.model.config.GormMappingConfigurationStrategy.establishDomainClassRelationship(GormMappingConfigurationStrategy.java:571)
	at org.grails.datastore.mapping.model.config.GormMappingConfigurationStrategy.getPersistentProperties(GormMappingConfigurationStrategy.java:223)
	at org.grails.datastore.mapping.model.config.GormMappingConfigurationStrategy.getPersistentProperties(GormMappingConfigurationStrategy.java:137)
	at org.grails.datastore.mapping.model.AbstractPersistentEntity.initialize(AbstractPersistentEntity.java:81)
	at org.grails.datastore.mapping.model.AbstractMappingContext.addPersistentEntityInternal(AbstractMappingContext.java:132)
	at org.grails.datastore.mapping.model.AbstractMappingContext.addPersistentEntity(AbstractMappingContext.java:117)
	at grails.test.mixin.domain.DomainClassUnitTestMixin.mockDomain(DomainClassUnitTestMixin.groovy:113)
	at grails.test.mixin.domain.DomainClassUnitTestMixin.mockDomain(DomainClassUnitTestMixin.groovy:109)
</error>

      </testcase>

      <system-out><![CDATA[--Output from testSomething--
]]></system-out>

      <system-err><![CDATA[--Output from testSomething--
]]></system-err>

  </testsuite>
  <testsuite errors="1" failures="0" hostname="phy-psf-487-1" id="15" name="AssignmentTests" package="edu.asu.engineeringed.courses" tests="1" time="0.193" timestamp="2011-09-13T19:51:42">
      <properties />

      <testcase classname="edu.asu.engineeringed.courses.AssignmentTests" name="testSomething" time="0.172">
          <error message="Mapped identifier [id] for class [edu.asu.engineeringed.AbstractEntity] is not a valid property" type="org.grails.datastore.mapping.model.IllegalMappingException">org.grails.datastore.mapping.model.IllegalMappingException: Mapped identifier [id] for class [edu.asu.engineeringed.AbstractEntity] is not a valid property
	at org.grails.datastore.mapping.model.config.GormMappingConfigurationStrategy.getIdentity(GormMappingConfigurationStrategy.java:708)
	at org.grails.datastore.mapping.model.AbstractPersistentEntity.initialize(AbstractPersistentEntity.java:79)
	at org.grails.datastore.mapping.model.AbstractMappingContext.addPersistentEntityInternal(AbstractMappingContext.java:132)
	at org.grails.datastore.mapping.model.AbstractMappingContext.addPersistentEntity(AbstractMappingContext.java:117)
	at org.grails.datastore.mapping.model.AbstractPersistentEntity.initialize(AbstractPersistentEntity.java:102)
	at org.grails.datastore.mapping.model.AbstractMappingContext.addPersistentEntityInternal(AbstractMappingContext.java:132)
	at org.grails.datastore.mapping.model.AbstractMappingContext.addPersistentEntity(AbstractMappingContext.java:117)
	at org.grails.datastore.mapping.model.config.GormMappingConfigurationStrategy.getOrCreateAssociatedEntity(GormMappingConfigurationStrategy.java:598)
	at org.grails.datastore.mapping.model.config.GormMappingConfigurationStrategy.establishRelationshipForCollection(GormMappingConfigurationStrategy.java:421)
	at org.grails.datastore.mapping.model.config.GormMappingConfigurationStrategy.getPersistentProperties(GormMappingConfigurationStrategy.java:215)
	at org.grails.datastore.mapping.model.config.GormMappingConfigurationStrategy.getPersistentProperties(GormMappingConfigurationStrategy.java:137)
	at org.grails.datastore.mapping.model.AbstractPersistentEntity.initialize(AbstractPersistentEntity.java:81)
	at org.grails.datastore.mapping.model.AbstractMappingContext.addPersistentEntityInternal(AbstractMappingContext.java:132)
	at org.grails.datastore.mapping.model.AbstractMappingContext.addPersistentEntity(AbstractMappingContext.java:117)
	at grails.test.mixin.domain.DomainClassUnitTestMixin.mockDomain(DomainClassUnitTestMixin.groovy:113)
	at grails.test.mixin.domain.DomainClassUnitTestMixin.mockDomain(DomainClassUnitTestMixin.groovy:109)
</error>

      </testcase>

      <system-out><![CDATA[--Output from testSomething--
]]></system-out>

      <system-err><![CDATA[--Output from testSomething--
]]></system-err>

  </testsuite>
  <testsuite errors="0" failures="0" hostname="phy-psf-487-1" id="16" name="CourseControllerTests" package="edu.asu.engineeringed.courses" tests="1" time="0.049" timestamp="2011-09-13T19:51:42">
      <properties />

      <testcase classname="edu.asu.engineeringed.courses.CourseControllerTests" name="testSomething" time="0.029" />

      <system-out><![CDATA[--Output from testSomething--
]]></system-out>

      <system-err><![CDATA[--Output from testSomething--
]]></system-err>

  </testsuite>
  <testsuite errors="1" failures="0" hostname="phy-psf-487-1" id="17" name="CourseOfferingTests" package="edu.asu.engineeringed.courses" tests="1" time="0.306" timestamp="2011-09-13T19:51:42">
      <properties />

      <testcase classname="edu.asu.engineeringed.courses.CourseOfferingTests" name="testSomething" time="0.292">
          <error message="Mapped identifier [id] for class [edu.asu.engineeringed.AbstractEntity] is not a valid property" type="org.grails.datastore.mapping.model.IllegalMappingException">org.grails.datastore.mapping.model.IllegalMappingException: Mapped identifier [id] for class [edu.asu.engineeringed.AbstractEntity] is not a valid property
	at org.grails.datastore.mapping.model.config.GormMappingConfigurationStrategy.getIdentity(GormMappingConfigurationStrategy.java:708)
	at org.grails.datastore.mapping.model.AbstractPersistentEntity.initialize(AbstractPersistentEntity.java:79)
	at org.grails.datastore.mapping.model.AbstractMappingContext.addPersistentEntityInternal(AbstractMappingContext.java:132)
	at org.grails.datastore.mapping.model.AbstractMappingContext.addPersistentEntity(AbstractMappingContext.java:117)
	at org.grails.datastore.mapping.model.AbstractPersistentEntity.initialize(AbstractPersistentEntity.java:102)
	at org.grails.datastore.mapping.model.AbstractMappingContext.addPersistentEntityInternal(AbstractMappingContext.java:132)
	at org.grails.datastore.mapping.model.AbstractMappingContext.addPersistentEntity(AbstractMappingContext.java:117)
	at org.grails.datastore.mapping.model.config.GormMappingConfigurationStrategy.getOrCreateAssociatedEntity(GormMappingConfigurationStrategy.java:598)
	at org.grails.datastore.mapping.model.config.GormMappingConfigurationStrategy.establishRelationshipForCollection(GormMappingConfigurationStrategy.java:421)
	at org.grails.datastore.mapping.model.config.GormMappingConfigurationStrategy.getPersistentProperties(GormMappingConfigurationStrategy.java:215)
	at org.grails.datastore.mapping.model.config.GormMappingConfigurationStrategy.getPersistentProperties(GormMappingConfigurationStrategy.java:137)
	at org.grails.datastore.mapping.model.AbstractPersistentEntity.initialize(AbstractPersistentEntity.java:81)
	at org.grails.datastore.mapping.model.AbstractMappingContext.addPersistentEntityInternal(AbstractMappingContext.java:132)
	at org.grails.datastore.mapping.model.AbstractMappingContext.addPersistentEntity(AbstractMappingContext.java:117)
	at org.grails.datastore.mapping.model.config.GormMappingConfigurationStrategy.getOrCreateAssociatedEntity(GormMappingConfigurationStrategy.java:598)
	at org.grails.datastore.mapping.model.config.GormMappingConfigurationStrategy.establishRelationshipForCollection(GormMappingConfigurationStrategy.java:421)
	at org.grails.datastore.mapping.model.config.GormMappingConfigurationStrategy.getPersistentProperties(GormMappingConfigurationStrategy.java:215)
	at org.grails.datastore.mapping.model.config.GormMappingConfigurationStrategy.getPersistentProperties(GormMappingConfigurationStrategy.java:137)
	at org.grails.datastore.mapping.model.AbstractPersistentEntity.initialize(AbstractPersistentEntity.java:81)
	at org.grails.datastore.mapping.model.AbstractMappingContext.addPersistentEntityInternal(AbstractMappingContext.java:132)
	at org.grails.datastore.mapping.model.AbstractMappingContext.addPersistentEntity(AbstractMappingContext.java:117)
	at grails.test.mixin.domain.DomainClassUnitTestMixin.mockDomain(DomainClassUnitTestMixin.groovy:113)
	at grails.test.mixin.domain.DomainClassUnitTestMixin.mockDomain(DomainClassUnitTestMixin.groovy:109)
</error>

      </testcase>

      <system-out><![CDATA[--Output from testSomething--
]]></system-out>

      <system-err><![CDATA[--Output from testSomething--
]]></system-err>

  </testsuite>
  <testsuite errors="1" failures="0" hostname="phy-psf-487-1" id="18" name="CourseTests" package="edu.asu.engineeringed.courses" tests="1" time="0.095" timestamp="2011-09-13T19:51:43">
      <properties />

      <testcase classname="edu.asu.engineeringed.courses.CourseTests" name="testSomething" time="0.08">
          <error message="Mapped identifier [id] for class [edu.asu.engineeringed.AbstractEntity] is not a valid property" type="org.grails.datastore.mapping.model.IllegalMappingException">org.grails.datastore.mapping.model.IllegalMappingException: Mapped identifier [id] for class [edu.asu.engineeringed.AbstractEntity] is not a valid property
	at org.grails.datastore.mapping.model.config.GormMappingConfigurationStrategy.getIdentity(GormMappingConfigurationStrategy.java:708)
	at org.grails.datastore.mapping.model.AbstractPersistentEntity.initialize(AbstractPersistentEntity.java:79)
	at org.grails.datastore.mapping.model.AbstractMappingContext.addPersistentEntityInternal(AbstractMappingContext.java:132)
	at org.grails.datastore.mapping.model.AbstractMappingContext.addPersistentEntity(AbstractMappingContext.java:117)
	at org.grails.datastore.mapping.model.AbstractPersistentEntity.initialize(AbstractPersistentEntity.java:102)
	at org.grails.datastore.mapping.model.AbstractMappingContext.addPersistentEntityInternal(AbstractMappingContext.java:132)
	at org.grails.datastore.mapping.model.AbstractMappingContext.addPersistentEntity(AbstractMappingContext.java:117)
	at org.grails.datastore.mapping.model.config.GormMappingConfigurationStrategy.getOrCreateAssociatedEntity(GormMappingConfigurationStrategy.java:598)
	at org.grails.datastore.mapping.model.config.GormMappingConfigurationStrategy.establishDomainClassRelationship(GormMappingConfigurationStrategy.java:571)
	at org.grails.datastore.mapping.model.config.GormMappingConfigurationStrategy.getPersistentProperties(GormMappingConfigurationStrategy.java:223)
	at org.grails.datastore.mapping.model.config.GormMappingConfigurationStrategy.getPersistentProperties(GormMappingConfigurationStrategy.java:137)
	at org.grails.datastore.mapping.model.AbstractPersistentEntity.initialize(AbstractPersistentEntity.java:81)
	at org.grails.datastore.mapping.model.AbstractMappingContext.addPersistentEntityInternal(AbstractMappingContext.java:132)
	at org.grails.datastore.mapping.model.AbstractMappingContext.addPersistentEntity(AbstractMappingContext.java:117)
	at org.grails.datastore.mapping.model.config.GormMappingConfigurationStrategy.getOrCreateAssociatedEntity(GormMappingConfigurationStrategy.java:598)
	at org.grails.datastore.mapping.model.config.GormMappingConfigurationStrategy.establishRelationshipForCollection(GormMappingConfigurationStrategy.java:421)
	at org.grails.datastore.mapping.model.config.GormMappingConfigurationStrategy.getPersistentProperties(GormMappingConfigurationStrategy.java:215)
	at org.grails.datastore.mapping.model.config.GormMappingConfigurationStrategy.getPersistentProperties(GormMappingConfigurationStrategy.java:137)
	at org.grails.datastore.mapping.model.AbstractPersistentEntity.initialize(AbstractPersistentEntity.java:81)
	at org.grails.datastore.mapping.model.AbstractMappingContext.addPersistentEntityInternal(AbstractMappingContext.java:132)
	at org.grails.datastore.mapping.model.AbstractMappingContext.addPersistentEntity(AbstractMappingContext.java:117)
	at org.grails.datastore.mapping.model.config.GormMappingConfigurationStrategy.getOrCreateAssociatedEntity(GormMappingConfigurationStrategy.java:598)
	at org.grails.datastore.mapping.model.config.GormMappingConfigurationStrategy.establishDomainClassRelationship(GormMappingConfigurationStrategy.java:571)
	at org.grails.datastore.mapping.model.config.GormMappingConfigurationStrategy.getPersistentProperties(GormMappingConfigurationStrategy.java:223)
	at org.grails.datastore.mapping.model.config.GormMappingConfigurationStrategy.getPersistentProperties(GormMappingConfigurationStrategy.java:137)
	at org.grails.datastore.mapping.model.AbstractPersistentEntity.initialize(AbstractPersistentEntity.java:81)
	at org.grails.datastore.mapping.model.AbstractMappingContext.addPersistentEntityInternal(AbstractMappingContext.java:132)
	at org.grails.datastore.mapping.model.AbstractMappingContext.addPersistentEntity(AbstractMappingContext.java:117)
	at org.grails.datastore.mapping.model.config.GormMappingConfigurationStrategy.getOrCreateAssociatedEntity(GormMappingConfigurationStrategy.java:598)
	at org.grails.datastore.mapping.model.config.GormMappingConfigurationStrategy.establishRelationshipForCollection(GormMappingConfigurationStrategy.java:421)
	at org.grails.datastore.mapping.model.config.GormMappingConfigurationStrategy.getPersistentProperties(GormMappingConfigurationStrategy.java:215)
	at org.grails.datastore.mapping.model.config.GormMappingConfigurationStrategy.getPersistentProperties(GormMappingConfigurationStrategy.java:137)
	at org.grails.datastore.mapping.model.AbstractPersistentEntity.initialize(AbstractPersistentEntity.java:81)
	at org.grails.datastore.mapping.model.AbstractMappingContext.addPersistentEntityInternal(AbstractMappingContext.java:132)
	at org.grails.datastore.mapping.model.AbstractMappingContext.addPersistentEntity(AbstractMappingContext.java:117)
	at org.grails.datastore.mapping.model.config.GormMappingConfigurationStrategy.getOrCreateAssociatedEntity(GormMappingConfigurationStrategy.java:598)
	at org.grails.datastore.mapping.model.config.GormMappingConfigurationStrategy.establishRelationshipForCollection(GormMappingConfigurationStrategy.java:421)
	at org.grails.datastore.mapping.model.config.GormMappingConfigurationStrategy.getPersistentProperties(GormMappingConfigurationStrategy.java:215)
	at org.grails.datastore.mapping.model.config.GormMappingConfigurationStrategy.getPersistentProperties(GormMappingConfigurationStrategy.java:137)
	at org.grails.datastore.mapping.model.AbstractPersistentEntity.initialize(AbstractPersistentEntity.java:81)
	at org.grails.datastore.mapping.model.AbstractMappingContext.addPersistentEntityInternal(AbstractMappingContext.java:132)
	at org.grails.datastore.mapping.model.AbstractMappingContext.addPersistentEntity(AbstractMappingContext.java:117)
	at grails.test.mixin.domain.DomainClassUnitTestMixin.mockDomain(DomainClassUnitTestMixin.groovy:113)
	at grails.test.mixin.domain.DomainClassUnitTestMixin.mockDomain(DomainClassUnitTestMixin.groovy:109)
</error>

      </testcase>

      <system-out><![CDATA[--Output from testSomething--
]]></system-out>

      <system-err><![CDATA[--Output from testSomething--
]]></system-err>

  </testsuite>
  <testsuite errors="1" failures="0" hostname="phy-psf-487-1" id="19" name="ObjectiveTests" package="edu.asu.engineeringed.courses" tests="1" time="0.045" timestamp="2011-09-13T19:51:43">
      <properties />

      <testcase classname="edu.asu.engineeringed.courses.ObjectiveTests" name="testSomething" time="0.03">
          <error message="Mapped identifier [id] for class [edu.asu.engineeringed.AbstractEntity] is not a valid property" type="org.grails.datastore.mapping.model.IllegalMappingException">org.grails.datastore.mapping.model.IllegalMappingException: Mapped identifier [id] for class [edu.asu.engineeringed.AbstractEntity] is not a valid property
	at org.grails.datastore.mapping.model.config.GormMappingConfigurationStrategy.getIdentity(GormMappingConfigurationStrategy.java:708)
	at org.grails.datastore.mapping.model.AbstractPersistentEntity.initialize(AbstractPersistentEntity.java:79)
	at org.grails.datastore.mapping.model.AbstractMappingContext.addPersistentEntityInternal(AbstractMappingContext.java:132)
	at org.grails.datastore.mapping.model.AbstractMappingContext.addPersistentEntity(AbstractMappingContext.java:117)
	at org.grails.datastore.mapping.model.AbstractPersistentEntity.initialize(AbstractPersistentEntity.java:102)
	at org.grails.datastore.mapping.model.AbstractMappingContext.addPersistentEntityInternal(AbstractMappingContext.java:132)
	at org.grails.datastore.mapping.model.AbstractMappingContext.addPersistentEntity(AbstractMappingContext.java:117)
	at grails.test.mixin.domain.DomainClassUnitTestMixin.mockDomain(DomainClassUnitTestMixin.groovy:113)
	at grails.test.mixin.domain.DomainClassUnitTestMixin.mockDomain(DomainClassUnitTestMixin.groovy:109)
</error>

      </testcase>

      <system-out><![CDATA[--Output from testSomething--
]]></system-out>

      <system-err><![CDATA[--Output from testSomething--
]]></system-err>

  </testsuite>
  <testsuite errors="1" failures="0" hostname="phy-psf-487-1" id="20" name="OutcomeTests" package="edu.asu.engineeringed.courses" tests="1" time="0.05" timestamp="2011-09-13T19:51:43">
      <properties />

      <testcase classname="edu.asu.engineeringed.courses.OutcomeTests" name="testSomething" time="0.029">
          <error message="Mapped identifier [id] for class [edu.asu.engineeringed.AbstractEntity] is not a valid property" type="org.grails.datastore.mapping.model.IllegalMappingException">org.grails.datastore.mapping.model.IllegalMappingException: Mapped identifier [id] for class [edu.asu.engineeringed.AbstractEntity] is not a valid property
	at org.grails.datastore.mapping.model.config.GormMappingConfigurationStrategy.getIdentity(GormMappingConfigurationStrategy.java:708)
	at org.grails.datastore.mapping.model.AbstractPersistentEntity.initialize(AbstractPersistentEntity.java:79)
	at org.grails.datastore.mapping.model.AbstractMappingContext.addPersistentEntityInternal(AbstractMappingContext.java:132)
	at org.grails.datastore.mapping.model.AbstractMappingContext.addPersistentEntity(AbstractMappingContext.java:117)
	at org.grails.datastore.mapping.model.AbstractPersistentEntity.initialize(AbstractPersistentEntity.java:102)
	at org.grails.datastore.mapping.model.AbstractMappingContext.addPersistentEntityInternal(AbstractMappingContext.java:132)
	at org.grails.datastore.mapping.model.AbstractMappingContext.addPersistentEntity(AbstractMappingContext.java:117)
	at grails.test.mixin.domain.DomainClassUnitTestMixin.mockDomain(DomainClassUnitTestMixin.groovy:113)
	at grails.test.mixin.domain.DomainClassUnitTestMixin.mockDomain(DomainClassUnitTestMixin.groovy:109)
</error>

      </testcase>

      <system-out><![CDATA[--Output from testSomething--
]]></system-out>

      <system-err><![CDATA[--Output from testSomething--
]]></system-err>

  </testsuite>
  <testsuite errors="0" failures="0" hostname="phy-psf-487-1" id="21" name="PresentationControllerTests" package="edu.asu.engineeringed.presentations" tests="1" time="0.047" timestamp="2011-09-13T19:51:44">
      <properties />

      <testcase classname="edu.asu.engineeringed.presentations.PresentationControllerTests" name="testSomething" time="0.031" />

      <system-out><![CDATA[--Output from testSomething--
]]></system-out>

      <system-err><![CDATA[--Output from testSomething--
]]></system-err>

  </testsuite>
  <testsuite errors="0" failures="0" hostname="phy-psf-487-1" id="22" name="PresentationTests" package="edu.asu.engineeringed.presentations" tests="1" time="0.104" timestamp="2011-09-13T19:51:44">
      <properties />

      <testcase classname="edu.asu.engineeringed.presentations.PresentationTests" name="testSomething" time="0.085" />

      <system-out><![CDATA[--Output from testSomething--
]]></system-out>

      <system-err><![CDATA[--Output from testSomething--
]]></system-err>

  </testsuite>
  <testsuite errors="0" failures="0" hostname="phy-psf-487-1" id="23" name="SpeakerControllerTests" package="edu.asu.engineeringed.presentations" tests="1" time="0.047" timestamp="2011-09-13T19:51:44">
      <properties />

      <testcase classname="edu.asu.engineeringed.presentations.SpeakerControllerTests" name="testSomething" time="0.03" />

      <system-out><![CDATA[--Output from testSomething--
]]></system-out>

      <system-err><![CDATA[--Output from testSomething--
]]></system-err>

  </testsuite>
  <testsuite errors="0" failures="0" hostname="phy-psf-487-1" id="24" name="SpeakerTests" package="edu.asu.engineeringed.presentations" tests="1" time="0.039" timestamp="2011-09-13T19:51:44">
      <properties />

      <testcase classname="edu.asu.engineeringed.presentations.SpeakerTests" name="testSomething" time="0.022" />

      <system-out><![CDATA[--Output from testSomething--
]]></system-out>

      <system-err><![CDATA[--Output from testSomething--
]]></system-err>

  </testsuite>
  <testsuite errors="0" failures="0" hostname="phy-psf-487-1" id="25" name="AuthorControllerTests" package="edu.asu.engineeringed.publications" tests="1" time="0.044" timestamp="2011-09-13T19:51:44">
      <properties />

      <testcase classname="edu.asu.engineeringed.publications.AuthorControllerTests" name="testSomething" time="0.028" />

      <system-out><![CDATA[--Output from testSomething--
]]></system-out>

      <system-err><![CDATA[--Output from testSomething--
]]></system-err>

  </testsuite>
  <testsuite errors="1" failures="0" hostname="phy-psf-487-1" id="26" name="AuthorTests" package="edu.asu.engineeringed.publications" tests="1" time="0.145" timestamp="2011-09-13T19:51:44">
      <properties />

      <testcase classname="edu.asu.engineeringed.publications.AuthorTests" name="testSomething" time="0.129">
          <error message="Mapped identifier [id] for class [edu.asu.engineeringed.AbstractEntity] is not a valid property" type="org.grails.datastore.mapping.model.IllegalMappingException">org.grails.datastore.mapping.model.IllegalMappingException: Mapped identifier [id] for class [edu.asu.engineeringed.AbstractEntity] is not a valid property
	at org.grails.datastore.mapping.model.config.GormMappingConfigurationStrategy.getIdentity(GormMappingConfigurationStrategy.java:708)
	at org.grails.datastore.mapping.model.AbstractPersistentEntity.initialize(AbstractPersistentEntity.java:79)
	at org.grails.datastore.mapping.model.AbstractMappingContext.addPersistentEntityInternal(AbstractMappingContext.java:132)
	at org.grails.datastore.mapping.model.AbstractMappingContext.addPersistentEntity(AbstractMappingContext.java:117)
	at org.grails.datastore.mapping.model.AbstractPersistentEntity.initialize(AbstractPersistentEntity.java:102)
	at org.grails.datastore.mapping.model.AbstractMappingContext.addPersistentEntityInternal(AbstractMappingContext.java:132)
	at org.grails.datastore.mapping.model.AbstractMappingContext.addPersistentEntity(AbstractMappingContext.java:117)
	at org.grails.datastore.mapping.model.config.GormMappingConfigurationStrategy.getOrCreateAssociatedEntity(GormMappingConfigurationStrategy.java:598)
	at org.grails.datastore.mapping.model.config.GormMappingConfigurationStrategy.establishRelationshipForCollection(GormMappingConfigurationStrategy.java:421)
	at org.grails.datastore.mapping.model.config.GormMappingConfigurationStrategy.getPersistentProperties(GormMappingConfigurationStrategy.java:215)
	at org.grails.datastore.mapping.model.config.GormMappingConfigurationStrategy.getPersistentProperties(GormMappingConfigurationStrategy.java:137)
	at org.grails.datastore.mapping.model.AbstractPersistentEntity.initialize(AbstractPersistentEntity.java:81)
	at org.grails.datastore.mapping.model.AbstractMappingContext.addPersistentEntityInternal(AbstractMappingContext.java:132)
	at org.grails.datastore.mapping.model.AbstractMappingContext.addPersistentEntity(AbstractMappingContext.java:117)
	at org.grails.datastore.mapping.model.config.GormMappingConfigurationStrategy.getOrCreateAssociatedEntity(GormMappingConfigurationStrategy.java:598)
	at org.grails.datastore.mapping.model.config.GormMappingConfigurationStrategy.establishRelationshipForCollection(GormMappingConfigurationStrategy.java:421)
	at org.grails.datastore.mapping.model.config.GormMappingConfigurationStrategy.getPersistentProperties(GormMappingConfigurationStrategy.java:215)
	at org.grails.datastore.mapping.model.config.GormMappingConfigurationStrategy.getPersistentProperties(GormMappingConfigurationStrategy.java:137)
	at org.grails.datastore.mapping.model.AbstractPersistentEntity.initialize(AbstractPersistentEntity.java:81)
	at org.grails.datastore.mapping.model.AbstractMappingContext.addPersistentEntityInternal(AbstractMappingContext.java:132)
	at org.grails.datastore.mapping.model.AbstractMappingContext.addPersistentEntity(AbstractMappingContext.java:117)
	at grails.test.mixin.domain.DomainClassUnitTestMixin.mockDomain(DomainClassUnitTestMixin.groovy:113)
	at grails.test.mixin.domain.DomainClassUnitTestMixin.mockDomain(DomainClassUnitTestMixin.groovy:109)
</error>

      </testcase>

      <system-out><![CDATA[--Output from testSomething--
]]></system-out>

      <system-err><![CDATA[--Output from testSomething--
]]></system-err>

  </testsuite>
  <testsuite errors="0" failures="0" hostname="phy-psf-487-1" id="27" name="ConferenceControllerTests" package="edu.asu.engineeringed.publications" tests="1" time="0.048" timestamp="2011-09-13T19:51:45">
      <properties />

      <testcase classname="edu.asu.engineeringed.publications.ConferenceControllerTests" name="testSomething" time="0.028" />

      <system-out><![CDATA[--Output from testSomething--
]]></system-out>

      <system-err><![CDATA[--Output from testSomething--
]]></system-err>

  </testsuite>
  <testsuite errors="0" failures="0" hostname="phy-psf-487-1" id="28" name="ConferencePaperControllerTests" package="edu.asu.engineeringed.publications" tests="1" time="0.044" timestamp="2011-09-13T19:51:45">
      <properties />

      <testcase classname="edu.asu.engineeringed.publications.ConferencePaperControllerTests" name="testSomething" time="0.03" />

      <system-out><![CDATA[--Output from testSomething--
]]></system-out>

      <system-err><![CDATA[--Output from testSomething--
]]></system-err>

  </testsuite>
  <testsuite errors="1" failures="0" hostname="phy-psf-487-1" id="29" name="ConferencePaperTests" package="edu.asu.engineeringed.publications" tests="1" time="0.09" timestamp="2011-09-13T19:51:45">
      <properties />

      <testcase classname="edu.asu.engineeringed.publications.ConferencePaperTests" name="testSomething" time="0.076">
          <error message="Mapped identifier [id] for class [edu.asu.engineeringed.AbstractEntity] is not a valid property" type="org.grails.datastore.mapping.model.IllegalMappingException">org.grails.datastore.mapping.model.IllegalMappingException: Mapped identifier [id] for class [edu.asu.engineeringed.AbstractEntity] is not a valid property
	at org.grails.datastore.mapping.model.config.GormMappingConfigurationStrategy.getIdentity(GormMappingConfigurationStrategy.java:708)
	at org.grails.datastore.mapping.model.AbstractPersistentEntity.initialize(AbstractPersistentEntity.java:79)
	at org.grails.datastore.mapping.model.AbstractMappingContext.addPersistentEntityInternal(AbstractMappingContext.java:132)
	at org.grails.datastore.mapping.model.AbstractMappingContext.addPersistentEntity(AbstractMappingContext.java:117)
	at org.grails.datastore.mapping.model.AbstractPersistentEntity.initialize(AbstractPersistentEntity.java:102)
	at org.grails.datastore.mapping.model.AbstractMappingContext.addPersistentEntityInternal(AbstractMappingContext.java:132)
	at org.grails.datastore.mapping.model.AbstractMappingContext.addPersistentEntity(AbstractMappingContext.java:117)
	at org.grails.datastore.mapping.model.config.GormMappingConfigurationStrategy.getOrCreateAssociatedEntity(GormMappingConfigurationStrategy.java:598)
	at org.grails.datastore.mapping.model.config.GormMappingConfigurationStrategy.establishRelationshipForCollection(GormMappingConfigurationStrategy.java:421)
	at org.grails.datastore.mapping.model.config.GormMappingConfigurationStrategy.getPersistentProperties(GormMappingConfigurationStrategy.java:215)
	at org.grails.datastore.mapping.model.config.GormMappingConfigurationStrategy.getPersistentProperties(GormMappingConfigurationStrategy.java:137)
	at org.grails.datastore.mapping.model.AbstractPersistentEntity.initialize(AbstractPersistentEntity.java:81)
	at org.grails.datastore.mapping.model.AbstractMappingContext.addPersistentEntityInternal(AbstractMappingContext.java:132)
	at org.grails.datastore.mapping.model.AbstractMappingContext.addPersistentEntity(AbstractMappingContext.java:117)
	at org.grails.datastore.mapping.model.config.GormMappingConfigurationStrategy.getOrCreateAssociatedEntity(GormMappingConfigurationStrategy.java:598)
	at org.grails.datastore.mapping.model.config.GormMappingConfigurationStrategy.establishRelationshipForCollection(GormMappingConfigurationStrategy.java:421)
	at org.grails.datastore.mapping.model.config.GormMappingConfigurationStrategy.getPersistentProperties(GormMappingConfigurationStrategy.java:215)
	at org.grails.datastore.mapping.model.config.GormMappingConfigurationStrategy.getPersistentProperties(GormMappingConfigurationStrategy.java:137)
	at org.grails.datastore.mapping.model.AbstractPersistentEntity.initialize(AbstractPersistentEntity.java:81)
	at org.grails.datastore.mapping.model.AbstractMappingContext.addPersistentEntityInternal(AbstractMappingContext.java:132)
	at org.grails.datastore.mapping.model.AbstractMappingContext.addPersistentEntity(AbstractMappingContext.java:117)
	at org.grails.datastore.mapping.model.config.GormMappingConfigurationStrategy.getOrCreateAssociatedEntity(GormMappingConfigurationStrategy.java:598)
	at org.grails.datastore.mapping.model.config.GormMappingConfigurationStrategy.establishRelationshipForCollection(GormMappingConfigurationStrategy.java:421)
	at org.grails.datastore.mapping.model.config.GormMappingConfigurationStrategy.getPersistentProperties(GormMappingConfigurationStrategy.java:215)
	at org.grails.datastore.mapping.model.config.GormMappingConfigurationStrategy.getPersistentProperties(GormMappingConfigurationStrategy.java:137)
	at org.grails.datastore.mapping.model.AbstractPersistentEntity.initialize(AbstractPersistentEntity.java:81)
	at org.grails.datastore.mapping.model.AbstractMappingContext.addPersistentEntityInternal(AbstractMappingContext.java:132)
	at org.grails.datastore.mapping.model.AbstractMappingContext.addPersistentEntity(AbstractMappingContext.java:117)
	at grails.test.mixin.domain.DomainClassUnitTestMixin.mockDomain(DomainClassUnitTestMixin.groovy:113)
	at grails.test.mixin.domain.DomainClassUnitTestMixin.mockDomain(DomainClassUnitTestMixin.groovy:109)
</error>

      </testcase>

      <system-out><![CDATA[--Output from testSomething--
]]></system-out>

      <system-err><![CDATA[--Output from testSomething--
]]></system-err>

  </testsuite>
  <testsuite errors="1" failures="0" hostname="phy-psf-487-1" id="30" name="ConferenceTests" package="edu.asu.engineeringed.publications" tests="1" time="0.081" timestamp="2011-09-13T19:51:45">
      <properties />

      <testcase classname="edu.asu.engineeringed.publications.ConferenceTests" name="testSomething" time="0.065">
          <error message="Mapped identifier [id] for class [edu.asu.engineeringed.AbstractEntity] is not a valid property" type="org.grails.datastore.mapping.model.IllegalMappingException">org.grails.datastore.mapping.model.IllegalMappingException: Mapped identifier [id] for class [edu.asu.engineeringed.AbstractEntity] is not a valid property
	at org.grails.datastore.mapping.model.config.GormMappingConfigurationStrategy.getIdentity(GormMappingConfigurationStrategy.java:708)
	at org.grails.datastore.mapping.model.AbstractPersistentEntity.initialize(AbstractPersistentEntity.java:79)
	at org.grails.datastore.mapping.model.AbstractMappingContext.addPersistentEntityInternal(AbstractMappingContext.java:132)
	at org.grails.datastore.mapping.model.AbstractMappingContext.addPersistentEntity(AbstractMappingContext.java:117)
	at org.grails.datastore.mapping.model.AbstractPersistentEntity.initialize(AbstractPersistentEntity.java:102)
	at org.grails.datastore.mapping.model.AbstractMappingContext.addPersistentEntityInternal(AbstractMappingContext.java:132)
	at org.grails.datastore.mapping.model.AbstractMappingContext.addPersistentEntity(AbstractMappingContext.java:117)
	at org.grails.datastore.mapping.model.config.GormMappingConfigurationStrategy.getOrCreateAssociatedEntity(GormMappingConfigurationStrategy.java:598)
	at org.grails.datastore.mapping.model.config.GormMappingConfigurationStrategy.establishRelationshipForCollection(GormMappingConfigurationStrategy.java:421)
	at org.grails.datastore.mapping.model.config.GormMappingConfigurationStrategy.getPersistentProperties(GormMappingConfigurationStrategy.java:215)
	at org.grails.datastore.mapping.model.config.GormMappingConfigurationStrategy.getPersistentProperties(GormMappingConfigurationStrategy.java:137)
	at org.grails.datastore.mapping.model.AbstractPersistentEntity.initialize(AbstractPersistentEntity.java:81)
	at org.grails.datastore.mapping.model.AbstractMappingContext.addPersistentEntityInternal(AbstractMappingContext.java:132)
	at org.grails.datastore.mapping.model.AbstractMappingContext.addPersistentEntity(AbstractMappingContext.java:117)
	at org.grails.datastore.mapping.model.config.GormMappingConfigurationStrategy.getOrCreateAssociatedEntity(GormMappingConfigurationStrategy.java:598)
	at org.grails.datastore.mapping.model.config.GormMappingConfigurationStrategy.establishRelationshipForCollection(GormMappingConfigurationStrategy.java:421)
	at org.grails.datastore.mapping.model.config.GormMappingConfigurationStrategy.getPersistentProperties(GormMappingConfigurationStrategy.java:215)
	at org.grails.datastore.mapping.model.config.GormMappingConfigurationStrategy.getPersistentProperties(GormMappingConfigurationStrategy.java:137)
	at org.grails.datastore.mapping.model.AbstractPersistentEntity.initialize(AbstractPersistentEntity.java:81)
	at org.grails.datastore.mapping.model.AbstractMappingContext.addPersistentEntityInternal(AbstractMappingContext.java:132)
	at org.grails.datastore.mapping.model.AbstractMappingContext.addPersistentEntity(AbstractMappingContext.java:117)
	at org.grails.datastore.mapping.model.config.GormMappingConfigurationStrategy.getOrCreateAssociatedEntity(GormMappingConfigurationStrategy.java:598)
	at org.grails.datastore.mapping.model.config.GormMappingConfigurationStrategy.establishRelationshipForCollection(GormMappingConfigurationStrategy.java:421)
	at org.grails.datastore.mapping.model.config.GormMappingConfigurationStrategy.getPersistentProperties(GormMappingConfigurationStrategy.java:215)
	at org.grails.datastore.mapping.model.config.GormMappingConfigurationStrategy.getPersistentProperties(GormMappingConfigurationStrategy.java:137)
	at org.grails.datastore.mapping.model.AbstractPersistentEntity.initialize(AbstractPersistentEntity.java:81)
	at org.grails.datastore.mapping.model.AbstractMappingContext.addPersistentEntityInternal(AbstractMappingContext.java:132)
	at org.grails.datastore.mapping.model.AbstractMappingContext.addPersistentEntity(AbstractMappingContext.java:117)
	at org.grails.datastore.mapping.model.config.GormMappingConfigurationStrategy.getOrCreateAssociatedEntity(GormMappingConfigurationStrategy.java:598)
	at org.grails.datastore.mapping.model.config.GormMappingConfigurationStrategy.establishRelationshipForCollection(GormMappingConfigurationStrategy.java:421)
	at org.grails.datastore.mapping.model.config.GormMappingConfigurationStrategy.getPersistentProperties(GormMappingConfigurationStrategy.java:215)
	at org.grails.datastore.mapping.model.config.GormMappingConfigurationStrategy.getPersistentProperties(GormMappingConfigurationStrategy.java:137)
	at org.grails.datastore.mapping.model.AbstractPersistentEntity.initialize(AbstractPersistentEntity.java:81)
	at org.grails.datastore.mapping.model.AbstractMappingContext.addPersistentEntityInternal(AbstractMappingContext.java:132)
	at org.grails.datastore.mapping.model.AbstractMappingContext.addPersistentEntity(AbstractMappingContext.java:117)
	at grails.test.mixin.domain.DomainClassUnitTestMixin.mockDomain(DomainClassUnitTestMixin.groovy:113)
	at grails.test.mixin.domain.DomainClassUnitTestMixin.mockDomain(DomainClassUnitTestMixin.groovy:109)
</error>

      </testcase>

      <system-out><![CDATA[--Output from testSomething--
]]></system-out>

      <system-err><![CDATA[--Output from testSomething--
]]></system-err>

  </testsuite>
  <testsuite errors="0" failures="0" hostname="phy-psf-487-1" id="31" name="JournalArticleControllerTests" package="edu.asu.engineeringed.publications" tests="1" time="0.04" timestamp="2011-09-13T19:51:45">
      <properties />

      <testcase classname="edu.asu.engineeringed.publications.JournalArticleControllerTests" name="testSomething" time="0.027" />

      <system-out><![CDATA[--Output from testSomething--
]]></system-out>

      <system-err><![CDATA[--Output from testSomething--
]]></system-err>

  </testsuite>
  <testsuite errors="1" failures="0" hostname="phy-psf-487-1" id="32" name="JournalArticleTests" package="edu.asu.engineeringed.publications" tests="1" time="0.101" timestamp="2011-09-13T19:51:45">
      <properties />

      <testcase classname="edu.asu.engineeringed.publications.JournalArticleTests" name="testSomething" time="0.085">
          <error message="Mapped identifier [id] for class [edu.asu.engineeringed.AbstractEntity] is not a valid property" type="org.grails.datastore.mapping.model.IllegalMappingException">org.grails.datastore.mapping.model.IllegalMappingException: Mapped identifier [id] for class [edu.asu.engineeringed.AbstractEntity] is not a valid property
	at org.grails.datastore.mapping.model.config.GormMappingConfigurationStrategy.getIdentity(GormMappingConfigurationStrategy.java:708)
	at org.grails.datastore.mapping.model.AbstractPersistentEntity.initialize(AbstractPersistentEntity.java:79)
	at org.grails.datastore.mapping.model.AbstractMappingContext.addPersistentEntityInternal(AbstractMappingContext.java:132)
	at org.grails.datastore.mapping.model.AbstractMappingContext.addPersistentEntity(AbstractMappingContext.java:117)
	at org.grails.datastore.mapping.model.AbstractPersistentEntity.initialize(AbstractPersistentEntity.java:102)
	at org.grails.datastore.mapping.model.AbstractMappingContext.addPersistentEntityInternal(AbstractMappingContext.java:132)
	at org.grails.datastore.mapping.model.AbstractMappingContext.addPersistentEntity(AbstractMappingContext.java:117)
	at org.grails.datastore.mapping.model.config.GormMappingConfigurationStrategy.getOrCreateAssociatedEntity(GormMappingConfigurationStrategy.java:598)
	at org.grails.datastore.mapping.model.config.GormMappingConfigurationStrategy.establishRelationshipForCollection(GormMappingConfigurationStrategy.java:421)
	at org.grails.datastore.mapping.model.config.GormMappingConfigurationStrategy.getPersistentProperties(GormMappingConfigurationStrategy.java:215)
	at org.grails.datastore.mapping.model.config.GormMappingConfigurationStrategy.getPersistentProperties(GormMappingConfigurationStrategy.java:137)
	at org.grails.datastore.mapping.model.AbstractPersistentEntity.initialize(AbstractPersistentEntity.java:81)
	at org.grails.datastore.mapping.model.AbstractMappingContext.addPersistentEntityInternal(AbstractMappingContext.java:132)
	at org.grails.datastore.mapping.model.AbstractMappingContext.addPersistentEntity(AbstractMappingContext.java:117)
	at org.grails.datastore.mapping.model.config.GormMappingConfigurationStrategy.getOrCreateAssociatedEntity(GormMappingConfigurationStrategy.java:598)
	at org.grails.datastore.mapping.model.config.GormMappingConfigurationStrategy.establishRelationshipForCollection(GormMappingConfigurationStrategy.java:421)
	at org.grails.datastore.mapping.model.config.GormMappingConfigurationStrategy.getPersistentProperties(GormMappingConfigurationStrategy.java:215)
	at org.grails.datastore.mapping.model.config.GormMappingConfigurationStrategy.getPersistentProperties(GormMappingConfigurationStrategy.java:137)
	at org.grails.datastore.mapping.model.AbstractPersistentEntity.initialize(AbstractPersistentEntity.java:81)
	at org.grails.datastore.mapping.model.AbstractMappingContext.addPersistentEntityInternal(AbstractMappingContext.java:132)
	at org.grails.datastore.mapping.model.AbstractMappingContext.addPersistentEntity(AbstractMappingContext.java:117)
	at org.grails.datastore.mapping.model.config.GormMappingConfigurationStrategy.getOrCreateAssociatedEntity(GormMappingConfigurationStrategy.java:598)
	at org.grails.datastore.mapping.model.config.GormMappingConfigurationStrategy.establishRelationshipForCollection(GormMappingConfigurationStrategy.java:421)
	at org.grails.datastore.mapping.model.config.GormMappingConfigurationStrategy.getPersistentProperties(GormMappingConfigurationStrategy.java:215)
	at org.grails.datastore.mapping.model.config.GormMappingConfigurationStrategy.getPersistentProperties(GormMappingConfigurationStrategy.java:137)
	at org.grails.datastore.mapping.model.AbstractPersistentEntity.initialize(AbstractPersistentEntity.java:81)
	at org.grails.datastore.mapping.model.AbstractMappingContext.addPersistentEntityInternal(AbstractMappingContext.java:132)
	at org.grails.datastore.mapping.model.AbstractMappingContext.addPersistentEntity(AbstractMappingContext.java:117)
	at grails.test.mixin.domain.DomainClassUnitTestMixin.mockDomain(DomainClassUnitTestMixin.groovy:113)
	at grails.test.mixin.domain.DomainClassUnitTestMixin.mockDomain(DomainClassUnitTestMixin.groovy:109)
</error>

      </testcase>

      <system-out><![CDATA[--Output from testSomething--
]]></system-out>

      <system-err><![CDATA[--Output from testSomething--
]]></system-err>

  </testsuite>
  <testsuite errors="0" failures="0" hostname="phy-psf-487-1" id="33" name="JournalControllerTests" package="edu.asu.engineeringed.publications" tests="1" time="0.041" timestamp="2011-09-13T19:51:45">
      <properties />

      <testcase classname="edu.asu.engineeringed.publications.JournalControllerTests" name="testSomething" time="0.029" />

      <system-out><![CDATA[--Output from testSomething--
]]></system-out>

      <system-err><![CDATA[--Output from testSomething--
]]></system-err>

  </testsuite>
  <testsuite errors="1" failures="0" hostname="phy-psf-487-1" id="34" name="JournalTests" package="edu.asu.engineeringed.publications" tests="1" time="0.098" timestamp="2011-09-13T19:51:45">
      <properties />

      <testcase classname="edu.asu.engineeringed.publications.JournalTests" name="testSomething" time="0.079">
          <error message="Mapped identifier [id] for class [edu.asu.engineeringed.AbstractEntity] is not a valid property" type="org.grails.datastore.mapping.model.IllegalMappingException">org.grails.datastore.mapping.model.IllegalMappingException: Mapped identifier [id] for class [edu.asu.engineeringed.AbstractEntity] is not a valid property
	at org.grails.datastore.mapping.model.config.GormMappingConfigurationStrategy.getIdentity(GormMappingConfigurationStrategy.java:708)
	at org.grails.datastore.mapping.model.AbstractPersistentEntity.initialize(AbstractPersistentEntity.java:79)
	at org.grails.datastore.mapping.model.AbstractMappingContext.addPersistentEntityInternal(AbstractMappingContext.java:132)
	at org.grails.datastore.mapping.model.AbstractMappingContext.addPersistentEntity(AbstractMappingContext.java:117)
	at org.grails.datastore.mapping.model.AbstractPersistentEntity.initialize(AbstractPersistentEntity.java:102)
	at org.grails.datastore.mapping.model.AbstractMappingContext.addPersistentEntityInternal(AbstractMappingContext.java:132)
	at org.grails.datastore.mapping.model.AbstractMappingContext.addPersistentEntity(AbstractMappingContext.java:117)
	at grails.test.mixin.domain.DomainClassUnitTestMixin.mockDomain(DomainClassUnitTestMixin.groovy:113)
	at grails.test.mixin.domain.DomainClassUnitTestMixin.mockDomain(DomainClassUnitTestMixin.groovy:109)
</error>

      </testcase>

      <system-out><![CDATA[--Output from testSomething--
]]></system-out>

      <system-err><![CDATA[--Output from testSomething--
]]></system-err>

  </testsuite>
  <testsuite errors="0" failures="0" hostname="phy-psf-487-1" id="35" name="OrganizationControllerTests" package="edu.asu.engineeringed.publications" tests="1" time="0.053" timestamp="2011-09-13T19:51:45">
      <properties />

      <testcase classname="edu.asu.engineeringed.publications.OrganizationControllerTests" name="testSomething" time="0.041" />

      <system-out><![CDATA[--Output from testSomething--
]]></system-out>

      <system-err><![CDATA[--Output from testSomething--
]]></system-err>

  </testsuite>
  <testsuite errors="1" failures="0" hostname="phy-psf-487-1" id="36" name="OrganizationTests" package="edu.asu.engineeringed.publications" tests="1" time="0.301" timestamp="2011-09-13T19:51:46">
      <properties />

      <testcase classname="edu.asu.engineeringed.publications.OrganizationTests" name="testSomething" time="0.289">
          <error message="Mapped identifier [id] for class [edu.asu.engineeringed.AbstractEntity] is not a valid property" type="org.grails.datastore.mapping.model.IllegalMappingException">org.grails.datastore.mapping.model.IllegalMappingException: Mapped identifier [id] for class [edu.asu.engineeringed.AbstractEntity] is not a valid property
	at org.grails.datastore.mapping.model.config.GormMappingConfigurationStrategy.getIdentity(GormMappingConfigurationStrategy.java:708)
	at org.grails.datastore.mapping.model.AbstractPersistentEntity.initialize(AbstractPersistentEntity.java:79)
	at org.grails.datastore.mapping.model.AbstractMappingContext.addPersistentEntityInternal(AbstractMappingContext.java:132)
	at org.grails.datastore.mapping.model.AbstractMappingContext.addPersistentEntity(AbstractMappingContext.java:117)
	at org.grails.datastore.mapping.model.AbstractPersistentEntity.initialize(AbstractPersistentEntity.java:102)
	at org.grails.datastore.mapping.model.AbstractMappingContext.addPersistentEntityInternal(AbstractMappingContext.java:132)
	at org.grails.datastore.mapping.model.AbstractMappingContext.addPersistentEntity(AbstractMappingContext.java:117)
	at org.grails.datastore.mapping.model.config.GormMappingConfigurationStrategy.getOrCreateAssociatedEntity(GormMappingConfigurationStrategy.java:598)
	at org.grails.datastore.mapping.model.config.GormMappingConfigurationStrategy.establishRelationshipForCollection(GormMappingConfigurationStrategy.java:421)
	at org.grails.datastore.mapping.model.config.GormMappingConfigurationStrategy.getPersistentProperties(GormMappingConfigurationStrategy.java:215)
	at org.grails.datastore.mapping.model.config.GormMappingConfigurationStrategy.getPersistentProperties(GormMappingConfigurationStrategy.java:137)
	at org.grails.datastore.mapping.model.AbstractPersistentEntity.initialize(AbstractPersistentEntity.java:81)
	at org.grails.datastore.mapping.model.AbstractMappingContext.addPersistentEntityInternal(AbstractMappingContext.java:132)
	at org.grails.datastore.mapping.model.AbstractMappingContext.addPersistentEntity(AbstractMappingContext.java:117)
	at org.grails.datastore.mapping.model.config.GormMappingConfigurationStrategy.getOrCreateAssociatedEntity(GormMappingConfigurationStrategy.java:598)
	at org.grails.datastore.mapping.model.config.GormMappingConfigurationStrategy.establishRelationshipForCollection(GormMappingConfigurationStrategy.java:421)
	at org.grails.datastore.mapping.model.config.GormMappingConfigurationStrategy.getPersistentProperties(GormMappingConfigurationStrategy.java:215)
	at org.grails.datastore.mapping.model.config.GormMappingConfigurationStrategy.getPersistentProperties(GormMappingConfigurationStrategy.java:137)
	at org.grails.datastore.mapping.model.AbstractPersistentEntity.initialize(AbstractPersistentEntity.java:81)
	at org.grails.datastore.mapping.model.AbstractMappingContext.addPersistentEntityInternal(AbstractMappingContext.java:132)
	at org.grails.datastore.mapping.model.AbstractMappingContext.addPersistentEntity(AbstractMappingContext.java:117)
	at org.grails.datastore.mapping.model.config.GormMappingConfigurationStrategy.getOrCreateAssociatedEntity(GormMappingConfigurationStrategy.java:598)
	at org.grails.datastore.mapping.model.config.GormMappingConfigurationStrategy.establishRelationshipForCollection(GormMappingConfigurationStrategy.java:421)
	at org.grails.datastore.mapping.model.config.GormMappingConfigurationStrategy.getPersistentProperties(GormMappingConfigurationStrategy.java:215)
	at org.grails.datastore.mapping.model.config.GormMappingConfigurationStrategy.getPersistentProperties(GormMappingConfigurationStrategy.java:137)
	at org.grails.datastore.mapping.model.AbstractPersistentEntity.initialize(AbstractPersistentEntity.java:81)
	at org.grails.datastore.mapping.model.AbstractMappingContext.addPersistentEntityInternal(AbstractMappingContext.java:132)
	at org.grails.datastore.mapping.model.AbstractMappingContext.addPersistentEntity(AbstractMappingContext.java:117)
	at org.grails.datastore.mapping.model.config.GormMappingConfigurationStrategy.getOrCreateAssociatedEntity(GormMappingConfigurationStrategy.java:598)
	at org.grails.datastore.mapping.model.config.GormMappingConfigurationStrategy.establishRelationshipForCollection(GormMappingConfigurationStrategy.java:421)
	at org.grails.datastore.mapping.model.config.GormMappingConfigurationStrategy.getPersistentProperties(GormMappingConfigurationStrategy.java:215)
	at org.grails.datastore.mapping.model.config.GormMappingConfigurationStrategy.getPersistentProperties(GormMappingConfigurationStrategy.java:137)
	at org.grails.datastore.mapping.model.AbstractPersistentEntity.initialize(AbstractPersistentEntity.java:81)
	at org.grails.datastore.mapping.model.AbstractMappingContext.addPersistentEntityInternal(AbstractMappingContext.java:132)
	at org.grails.datastore.mapping.model.AbstractMappingContext.addPersistentEntity(AbstractMappingContext.java:117)
	at org.grails.datastore.mapping.model.config.GormMappingConfigurationStrategy.getOrCreateAssociatedEntity(GormMappingConfigurationStrategy.java:598)
	at org.grails.datastore.mapping.model.config.GormMappingConfigurationStrategy.establishRelationshipForCollection(GormMappingConfigurationStrategy.java:421)
	at org.grails.datastore.mapping.model.config.GormMappingConfigurationStrategy.getPersistentProperties(GormMappingConfigurationStrategy.java:215)
	at org.grails.datastore.mapping.model.config.GormMappingConfigurationStrategy.getPersistentProperties(GormMappingConfigurationStrategy.java:137)
	at org.grails.datastore.mapping.model.AbstractPersistentEntity.initialize(AbstractPersistentEntity.java:81)
	at org.grails.datastore.mapping.model.AbstractMappingContext.addPersistentEntityInternal(AbstractMappingContext.java:132)
	at org.grails.datastore.mapping.model.AbstractMappingContext.addPersistentEntity(AbstractMappingContext.java:117)
	at grails.test.mixin.domain.DomainClassUnitTestMixin.mockDomain(DomainClassUnitTestMixin.groovy:113)
	at grails.test.mixin.domain.DomainClassUnitTestMixin.mockDomain(DomainClassUnitTestMixin.groovy:109)
</error>

      </testcase>

      <system-out><![CDATA[--Output from testSomething--
]]></system-out>

      <system-err><![CDATA[--Output from testSomething--
]]></system-err>

  </testsuite>
  <testsuite errors="1" failures="0" hostname="phy-psf-487-1" id="37" name="PublicationTests" package="edu.asu.engineeringed.publications" tests="1" time="0.196" timestamp="2011-09-13T19:51:46">
      <properties />

      <testcase classname="edu.asu.engineeringed.publications.PublicationTests" name="testSomething" time="0.184">
          <error message="Mapped identifier [id] for class [edu.asu.engineeringed.AbstractEntity] is not a valid property" type="org.grails.datastore.mapping.model.IllegalMappingException">org.grails.datastore.mapping.model.IllegalMappingException: Mapped identifier [id] for class [edu.asu.engineeringed.AbstractEntity] is not a valid property
	at org.grails.datastore.mapping.model.config.GormMappingConfigurationStrategy.getIdentity(GormMappingConfigurationStrategy.java:708)
	at org.grails.datastore.mapping.model.AbstractPersistentEntity.initialize(AbstractPersistentEntity.java:79)
	at org.grails.datastore.mapping.model.AbstractMappingContext.addPersistentEntityInternal(AbstractMappingContext.java:132)
	at org.grails.datastore.mapping.model.AbstractMappingContext.addPersistentEntity(AbstractMappingContext.java:117)
	at org.grails.datastore.mapping.model.AbstractPersistentEntity.initialize(AbstractPersistentEntity.java:102)
	at org.grails.datastore.mapping.model.AbstractMappingContext.addPersistentEntityInternal(AbstractMappingContext.java:132)
	at org.grails.datastore.mapping.model.AbstractMappingContext.addPersistentEntity(AbstractMappingContext.java:117)
	at org.grails.datastore.mapping.model.config.GormMappingConfigurationStrategy.getOrCreateAssociatedEntity(GormMappingConfigurationStrategy.java:598)
	at org.grails.datastore.mapping.model.config.GormMappingConfigurationStrategy.establishRelationshipForCollection(GormMappingConfigurationStrategy.java:421)
	at org.grails.datastore.mapping.model.config.GormMappingConfigurationStrategy.getPersistentProperties(GormMappingConfigurationStrategy.java:215)
	at org.grails.datastore.mapping.model.config.GormMappingConfigurationStrategy.getPersistentProperties(GormMappingConfigurationStrategy.java:137)
	at org.grails.datastore.mapping.model.AbstractPersistentEntity.initialize(AbstractPersistentEntity.java:81)
	at org.grails.datastore.mapping.model.AbstractMappingContext.addPersistentEntityInternal(AbstractMappingContext.java:132)
	at org.grails.datastore.mapping.model.AbstractMappingContext.addPersistentEntity(AbstractMappingContext.java:117)
	at grails.test.mixin.domain.DomainClassUnitTestMixin.mockDomain(DomainClassUnitTestMixin.groovy:113)
	at grails.test.mixin.domain.DomainClassUnitTestMixin.mockDomain(DomainClassUnitTestMixin.groovy:109)
</error>

      </testcase>

      <system-out><![CDATA[--Output from testSomething--
]]></system-out>

      <system-err><![CDATA[--Output from testSomething--
]]></system-err>

  </testsuite>
  <testsuite errors="1" failures="0" hostname="phy-psf-487-1" id="38" name="TextbookTests" package="edu.asu.engineeringed.publications" tests="1" time="0.144" timestamp="2011-09-13T19:51:46">
      <properties />

      <testcase classname="edu.asu.engineeringed.publications.TextbookTests" name="testSomething" time="0.132">
          <error message="Mapped identifier [id] for class [edu.asu.engineeringed.AbstractEntity] is not a valid property" type="org.grails.datastore.mapping.model.IllegalMappingException">org.grails.datastore.mapping.model.IllegalMappingException: Mapped identifier [id] for class [edu.asu.engineeringed.AbstractEntity] is not a valid property
	at org.grails.datastore.mapping.model.config.GormMappingConfigurationStrategy.getIdentity(GormMappingConfigurationStrategy.java:708)
	at org.grails.datastore.mapping.model.AbstractPersistentEntity.initialize(AbstractPersistentEntity.java:79)
	at org.grails.datastore.mapping.model.AbstractMappingContext.addPersistentEntityInternal(AbstractMappingContext.java:132)
	at org.grails.datastore.mapping.model.AbstractMappingContext.addPersistentEntity(AbstractMappingContext.java:117)
	at org.grails.datastore.mapping.model.AbstractPersistentEntity.initialize(AbstractPersistentEntity.java:102)
	at org.grails.datastore.mapping.model.AbstractMappingContext.addPersistentEntityInternal(AbstractMappingContext.java:132)
	at org.grails.datastore.mapping.model.AbstractMappingContext.addPersistentEntity(AbstractMappingContext.java:117)
	at org.grails.datastore.mapping.model.config.GormMappingConfigurationStrategy.getOrCreateAssociatedEntity(GormMappingConfigurationStrategy.java:598)
	at org.grails.datastore.mapping.model.config.GormMappingConfigurationStrategy.establishRelationshipForCollection(GormMappingConfigurationStrategy.java:421)
	at org.grails.datastore.mapping.model.config.GormMappingConfigurationStrategy.getPersistentProperties(GormMappingConfigurationStrategy.java:215)
	at org.grails.datastore.mapping.model.config.GormMappingConfigurationStrategy.getPersistentProperties(GormMappingConfigurationStrategy.java:137)
	at org.grails.datastore.mapping.model.AbstractPersistentEntity.initialize(AbstractPersistentEntity.java:81)
	at org.grails.datastore.mapping.model.AbstractMappingContext.addPersistentEntityInternal(AbstractMappingContext.java:132)
	at org.grails.datastore.mapping.model.AbstractMappingContext.addPersistentEntity(AbstractMappingContext.java:117)
	at org.grails.datastore.mapping.model.config.GormMappingConfigurationStrategy.getOrCreateAssociatedEntity(GormMappingConfigurationStrategy.java:598)
	at org.grails.datastore.mapping.model.config.GormMappingConfigurationStrategy.establishRelationshipForCollection(GormMappingConfigurationStrategy.java:421)
	at org.grails.datastore.mapping.model.config.GormMappingConfigurationStrategy.getPersistentProperties(GormMappingConfigurationStrategy.java:215)
	at org.grails.datastore.mapping.model.config.GormMappingConfigurationStrategy.getPersistentProperties(GormMappingConfigurationStrategy.java:137)
	at org.grails.datastore.mapping.model.AbstractPersistentEntity.initialize(AbstractPersistentEntity.java:81)
	at org.grails.datastore.mapping.model.AbstractMappingContext.addPersistentEntityInternal(AbstractMappingContext.java:132)
	at org.grails.datastore.mapping.model.AbstractMappingContext.addPersistentEntity(AbstractMappingContext.java:117)
	at org.grails.datastore.mapping.model.config.GormMappingConfigurationStrategy.getOrCreateAssociatedEntity(GormMappingConfigurationStrategy.java:598)
	at org.grails.datastore.mapping.model.config.GormMappingConfigurationStrategy.establishRelationshipForCollection(GormMappingConfigurationStrategy.java:421)
	at org.grails.datastore.mapping.model.config.GormMappingConfigurationStrategy.getPersistentProperties(GormMappingConfigurationStrategy.java:215)
	at org.grails.datastore.mapping.model.config.GormMappingConfigurationStrategy.getPersistentProperties(GormMappingConfigurationStrategy.java:137)
	at org.grails.datastore.mapping.model.AbstractPersistentEntity.initialize(AbstractPersistentEntity.java:81)
	at org.grails.datastore.mapping.model.AbstractMappingContext.addPersistentEntityInternal(AbstractMappingContext.java:132)
	at org.grails.datastore.mapping.model.AbstractMappingContext.addPersistentEntity(AbstractMappingContext.java:117)
	at grails.test.mixin.domain.DomainClassUnitTestMixin.mockDomain(DomainClassUnitTestMixin.groovy:113)
	at grails.test.mixin.domain.DomainClassUnitTestMixin.mockDomain(DomainClassUnitTestMixin.groovy:109)
</error>

      </testcase>

      <system-out><![CDATA[--Output from testSomething--
]]></system-out>

      <system-err><![CDATA[--Output from testSomething--
]]></system-err>

  </testsuite>
  <testsuite errors="1" failures="0" hostname="phy-psf-487-1" id="39" name="InvestigationTests" package="edu.asu.engineeringed.research" tests="1" time="0.095" timestamp="2011-09-13T19:51:46">
      <properties />

      <testcase classname="edu.asu.engineeringed.research.InvestigationTests" name="testSomething" time="0.083">
          <error message="Mapped identifier [id] for class [edu.asu.engineeringed.AbstractEntity] is not a valid property" type="org.grails.datastore.mapping.model.IllegalMappingException">org.grails.datastore.mapping.model.IllegalMappingException: Mapped identifier [id] for class [edu.asu.engineeringed.AbstractEntity] is not a valid property
	at org.grails.datastore.mapping.model.config.GormMappingConfigurationStrategy.getIdentity(GormMappingConfigurationStrategy.java:708)
	at org.grails.datastore.mapping.model.AbstractPersistentEntity.initialize(AbstractPersistentEntity.java:79)
	at org.grails.datastore.mapping.model.AbstractMappingContext.addPersistentEntityInternal(AbstractMappingContext.java:132)
	at org.grails.datastore.mapping.model.AbstractMappingContext.addPersistentEntity(AbstractMappingContext.java:117)
	at org.grails.datastore.mapping.model.AbstractPersistentEntity.initialize(AbstractPersistentEntity.java:102)
	at org.grails.datastore.mapping.model.AbstractMappingContext.addPersistentEntityInternal(AbstractMappingContext.java:132)
	at org.grails.datastore.mapping.model.AbstractMappingContext.addPersistentEntity(AbstractMappingContext.java:117)
	at org.grails.datastore.mapping.model.config.GormMappingConfigurationStrategy.getOrCreateAssociatedEntity(GormMappingConfigurationStrategy.java:598)
	at org.grails.datastore.mapping.model.config.GormMappingConfigurationStrategy.establishDomainClassRelationship(GormMappingConfigurationStrategy.java:571)
	at org.grails.datastore.mapping.model.config.GormMappingConfigurationStrategy.getPersistentProperties(GormMappingConfigurationStrategy.java:223)
	at org.grails.datastore.mapping.model.config.GormMappingConfigurationStrategy.getPersistentProperties(GormMappingConfigurationStrategy.java:137)
	at org.grails.datastore.mapping.model.AbstractPersistentEntity.initialize(AbstractPersistentEntity.java:81)
	at org.grails.datastore.mapping.model.AbstractMappingContext.addPersistentEntityInternal(AbstractMappingContext.java:132)
	at org.grails.datastore.mapping.model.AbstractMappingContext.addPersistentEntity(AbstractMappingContext.java:117)
	at grails.test.mixin.domain.DomainClassUnitTestMixin.mockDomain(DomainClassUnitTestMixin.groovy:113)
	at grails.test.mixin.domain.DomainClassUnitTestMixin.mockDomain(DomainClassUnitTestMixin.groovy:109)
</error>

      </testcase>

      <system-out><![CDATA[--Output from testSomething--
]]></system-out>

      <system-err><![CDATA[--Output from testSomething--
]]></system-err>

  </testsuite>
  <testsuite errors="1" failures="0" hostname="phy-psf-487-1" id="40" name="ProjectTests" package="edu.asu.engineeringed.research" tests="1" time="0.094" timestamp="2011-09-13T19:51:46">
      <properties />

      <testcase classname="edu.asu.engineeringed.research.ProjectTests" name="testSomething" time="0.083">
          <error message="Mapped identifier [id] for class [edu.asu.engineeringed.AbstractEntity] is not a valid property" type="org.grails.datastore.mapping.model.IllegalMappingException">org.grails.datastore.mapping.model.IllegalMappingException: Mapped identifier [id] for class [edu.asu.engineeringed.AbstractEntity] is not a valid property
	at org.grails.datastore.mapping.model.config.GormMappingConfigurationStrategy.getIdentity(GormMappingConfigurationStrategy.java:708)
	at org.grails.datastore.mapping.model.AbstractPersistentEntity.initialize(AbstractPersistentEntity.java:79)
	at org.grails.datastore.mapping.model.AbstractMappingContext.addPersistentEntityInternal(AbstractMappingContext.java:132)
	at org.grails.datastore.mapping.model.AbstractMappingContext.addPersistentEntity(AbstractMappingContext.java:117)
	at org.grails.datastore.mapping.model.AbstractPersistentEntity.initialize(AbstractPersistentEntity.java:102)
	at org.grails.datastore.mapping.model.AbstractMappingContext.addPersistentEntityInternal(AbstractMappingContext.java:132)
	at org.grails.datastore.mapping.model.AbstractMappingContext.addPersistentEntity(AbstractMappingContext.java:117)
	at grails.test.mixin.domain.DomainClassUnitTestMixin.mockDomain(DomainClassUnitTestMixin.groovy:113)
	at grails.test.mixin.domain.DomainClassUnitTestMixin.mockDomain(DomainClassUnitTestMixin.groovy:109)
</error>

      </testcase>

      <system-out><![CDATA[--Output from testSomething--
]]></system-out>

      <system-err><![CDATA[--Output from testSomething--
]]></system-err>

  </testsuite>
  <testsuite errors="1" failures="0" hostname="phy-psf-487-1" id="41" name="ResearcherTests" package="edu.asu.engineeringed.research" tests="1" time="0.045" timestamp="2011-09-13T19:51:46">
      <properties />

      <testcase classname="edu.asu.engineeringed.research.ResearcherTests" name="testSomething" time="0.034">
          <error message="Mapped identifier [id] for class [edu.asu.engineeringed.AbstractEntity] is not a valid property" type="org.grails.datastore.mapping.model.IllegalMappingException">org.grails.datastore.mapping.model.IllegalMappingException: Mapped identifier [id] for class [edu.asu.engineeringed.AbstractEntity] is not a valid property
	at org.grails.datastore.mapping.model.config.GormMappingConfigurationStrategy.getIdentity(GormMappingConfigurationStrategy.java:708)
	at org.grails.datastore.mapping.model.AbstractPersistentEntity.initialize(AbstractPersistentEntity.java:79)
	at org.grails.datastore.mapping.model.AbstractMappingContext.addPersistentEntityInternal(AbstractMappingContext.java:132)
	at org.grails.datastore.mapping.model.AbstractMappingContext.addPersistentEntity(AbstractMappingContext.java:117)
	at org.grails.datastore.mapping.model.AbstractPersistentEntity.initialize(AbstractPersistentEntity.java:102)
	at org.grails.datastore.mapping.model.AbstractMappingContext.addPersistentEntityInternal(AbstractMappingContext.java:132)
	at org.grails.datastore.mapping.model.AbstractMappingContext.addPersistentEntity(AbstractMappingContext.java:117)
	at org.grails.datastore.mapping.model.config.GormMappingConfigurationStrategy.getOrCreateAssociatedEntity(GormMappingConfigurationStrategy.java:598)
	at org.grails.datastore.mapping.model.config.GormMappingConfigurationStrategy.establishDomainClassRelationship(GormMappingConfigurationStrategy.java:571)
	at org.grails.datastore.mapping.model.config.GormMappingConfigurationStrategy.getPersistentProperties(GormMappingConfigurationStrategy.java:223)
	at org.grails.datastore.mapping.model.config.GormMappingConfigurationStrategy.getPersistentProperties(GormMappingConfigurationStrategy.java:137)
	at org.grails.datastore.mapping.model.AbstractPersistentEntity.initialize(AbstractPersistentEntity.java:81)
	at org.grails.datastore.mapping.model.AbstractMappingContext.addPersistentEntityInternal(AbstractMappingContext.java:132)
	at org.grails.datastore.mapping.model.AbstractMappingContext.addPersistentEntity(AbstractMappingContext.java:117)
	at org.grails.datastore.mapping.model.config.GormMappingConfigurationStrategy.getOrCreateAssociatedEntity(GormMappingConfigurationStrategy.java:598)
	at org.grails.datastore.mapping.model.config.GormMappingConfigurationStrategy.establishRelationshipForCollection(GormMappingConfigurationStrategy.java:421)
	at org.grails.datastore.mapping.model.config.GormMappingConfigurationStrategy.getPersistentProperties(GormMappingConfigurationStrategy.java:215)
	at org.grails.datastore.mapping.model.config.GormMappingConfigurationStrategy.getPersistentProperties(GormMappingConfigurationStrategy.java:137)
	at org.grails.datastore.mapping.model.AbstractPersistentEntity.initialize(AbstractPersistentEntity.java:81)
	at org.grails.datastore.mapping.model.AbstractMappingContext.addPersistentEntityInternal(AbstractMappingContext.java:132)
	at org.grails.datastore.mapping.model.AbstractMappingContext.addPersistentEntity(AbstractMappingContext.java:117)
	at grails.test.mixin.domain.DomainClassUnitTestMixin.mockDomain(DomainClassUnitTestMixin.groovy:113)
	at grails.test.mixin.domain.DomainClassUnitTestMixin.mockDomain(DomainClassUnitTestMixin.groovy:109)
</error>

      </testcase>

      <system-out><![CDATA[--Output from testSomething--
]]></system-out>

      <system-err><![CDATA[--Output from testSomething--
]]></system-err>

  </testsuite>
  <testsuite errors="0" failures="0" hostname="phy-psf-487-1" id="42" name="AccomplishmentTests" package="edu.asu.engineeringed.users" tests="1" time="0.04" timestamp="2011-09-13T19:51:47">
      <properties />

      <testcase classname="edu.asu.engineeringed.users.AccomplishmentTests" name="testSomething" time="0.025" />

      <system-out><![CDATA[--Output from testSomething--
]]></system-out>

      <system-err><![CDATA[--Output from testSomething--
]]></system-err>

  </testsuite>
  <testsuite errors="0" failures="0" hostname="phy-psf-487-1" id="43" name="RoleControllerTests" package="edu.asu.engineeringed.users" tests="1" time="0.039" timestamp="2011-09-13T19:51:47">
      <properties />

      <testcase classname="edu.asu.engineeringed.users.RoleControllerTests" name="testSomething" time="0.027" />

      <system-out><![CDATA[--Output from testSomething--
]]></system-out>

      <system-err><![CDATA[--Output from testSomething--
]]></system-err>

  </testsuite>
  <testsuite errors="0" failures="0" hostname="phy-psf-487-1" id="44" name="UserAccomplishmentTests" package="edu.asu.engineeringed.users" tests="1" time="0.063" timestamp="2011-09-13T19:51:47">
      <properties />

      <testcase classname="edu.asu.engineeringed.users.UserAccomplishmentTests" name="testSomething" time="0.048" />

      <system-out><![CDATA[--Output from testSomething--
]]></system-out>

      <system-err><![CDATA[--Output from testSomething--
]]></system-err>

  </testsuite>
  <testsuite errors="0" failures="0" hostname="phy-psf-487-1" id="45" name="UserControllerTests" package="edu.asu.engineeringed.users" tests="1" time="0.059" timestamp="2011-09-13T19:51:47">
      <properties />

      <testcase classname="edu.asu.engineeringed.users.UserControllerTests" name="testSomething" time="0.046" />

      <system-out><![CDATA[--Output from testSomething--
]]></system-out>

      <system-err><![CDATA[--Output from testSomething--
]]></system-err>

  </testsuite>
  <testsuite errors="0" failures="0" hostname="phy-psf-487-1" id="46" name="UserRoleControllerTests" package="edu.asu.engineeringed.users" tests="1" time="0.028" timestamp="2011-09-13T19:51:47">
      <properties />

      <testcase classname="edu.asu.engineeringed.users.UserRoleControllerTests" name="testSomething" time="0.026" />

      <system-out><![CDATA[--Output from testSomething--
]]></system-out>

      <system-err><![CDATA[--Output from testSomething--
]]></system-err>

  </testsuite>
</testsuites>
